
================================================================
======== txAdmin v7.0.0 atop fxserver 7669 Starting - 2024-03-24, 9:40:28 a.m.
================================================================

================================================================
======== Log Rotated - 2024-03-24, 9:40:28 a.m.                 
================================================================
[09:40:43][PotatoQc-Eminence] logged in from 127.0.0.1 via cfxre
[09:41:33][PotatoQc-Eminence] executed "RESTART SERVER"
[09:48:10][PotatoQc-Eminence] executed "RESTART SERVER"
[09:49:25][PotatoQc-Eminence] executed "RESTART SERVER"
[09:55:44][PotatoQc-Eminence] executed "RESTART SERVER"

================================================================
======== txAdmin v7.0.0 atop fxserver 7669 Starting - 2024-03-24, 6:06:09 p.m.
================================================================
[18:06:15][PotatoQc-Eminence] logged in from 127.0.0.1 via cfxre
[18:27:50][PotatoQc-Eminence] executed "RESTART SERVER"
[18:33:22][PotatoQc-Eminence] executed "RESTART SERVER"
[18:49:48][PotatoQc-Eminence] executed "RESTART SERVER"
[18:53:00][PotatoQc-Eminence] executed "RESTART SERVER"

================================================================
======== txAdmin v7.0.0 atop fxserver 7669 Starting - 2024-03-24, 10:01:51 p.m.
================================================================
[22:02:00][PotatoQc-Eminence] logged in from 127.0.0.1 via cfxre
