
================================================================
======== txAdmin v7.0.0 atop fxserver 7669 Starting - 2024-03-23, 8:04:29 p.m.
================================================================

================================================================
======== Log Rotated - 2024-03-23, 8:04:29 p.m.                 
================================================================
[20:04:51][PotatoQc-Eminence] logged in from 127.0.0.1 via cfxre
[20:05:08][PotatoQc-Eminence] Changing fxRunner settings.
[20:05:14][PotatoQc-Eminence] executed "START SERVER"
[20:09:08][PotatoQc-Eminence] Changing monitor settings.
[20:09:10][PotatoQc-Eminence] executed "RESTART SERVER"
[20:21:39][PotatoQc-Eminence] executed "RESTART SERVER"
[20:26:09][PotatoQc-Eminence] executed "RESTART SERVER"
[20:28:29][PotatoQc-Eminence] executed "RESTART SERVER"
[20:31:48][PotatoQc-Eminence] executed "RESTART SERVER"
[20:38:32][PotatoQc-Eminence] executed "RESTART SERVER"
[20:46:36][PotatoQc-Eminence] executed "RESTART SERVER"
[20:55:32][PotatoQc-Eminence] executed "RESTART SERVER"
[21:03:44][PotatoQc-Eminence] executed "RESTART SERVER"
[21:06:54][PotatoQc-Eminence] executed "RESTART SERVER"
