
================================================================
======== Log Rotated - 2024-03-22, 5:06:17 p.m.                 
================================================================

================================================================
======== FXServer Starting - 2024-03-22, 5:06:23 p.m.           
================================================================
[           resources] [32mScanning resources.
[           resources] Found 98 resources.
[          svadhesive] Authenticating server license key...
[          svadhesive] Server license key authentication succeeded. Welcome!
[    c-scripting-core] Creating script environments for sessionmanager
[           resources] Started resource sessionmanager
[    c-scripting-core] Creating script environments for monitor
[      script:monitor] [txAdmin] Resource v7.0.0 threads and commands set up. All Ready.
[           resources] Started resource monitor
[                 cmd] No such command ].
[                 cmd] No such command ].
[    c-scripting-core] Creating script environments for mapmanager
[           resources] Started resource mapmanager
[    c-scripting-core] Creating script environments for yarn
[           resources] Started resource yarn
[    c-scripting-core] Creating script environments for webpack
[           resources] Started resource webpack
[    c-scripting-core] Creating script environments for chat
[           resources] Started resource chat
[           resources] Started resource spawnmanager
[   script:mapmanager] Started gametype Freeroam
[           resources] Started resource basic-gamemode
[    c-scripting-core] Creating script environments for hardcap
[           resources] Started resource hardcap
[    c-scripting-core] Creating script environments for baseevents
[           resources] Started resource baseevents
[    c-scripting-core] [97mCreating script environments for ox_lib
[           resources] Started resource ox_lib
[    c-scripting-core] Creating script environments for oxmysql
[           resources] Started resource oxmysql
[    c-scripting-core] Creating script environments for qbx_core
[     script:qbx_core] [qbx_core] [INFO] Stopping hardcap...
[           resources] Stopping resource hardcap
[           resources] Started resource qbx_core
[    c-scripting-core] Creating script environments for ox_target
[           resources] Started resource ox_target
[    c-scripting-core] Creating script environments for ox_doorlock
[           resources] Started resource ox_doorlock
[    c-scripting-core] Creating script environments for ox_inventory
[           resources] Started resource ox_inventory
[    c-scripting-core] Creating script environments for ox_fuel
[           resources] Started resource ox_fuel
[    c-scripting-core] Creating script environments for qbx_adminmenu
[           resources] Started resource qbx_adminmenu
[    c-scripting-core] Creating script environments for qbx_policejob
[           resources] Started resource qbx_policejob
[    c-scripting-core] Creating script environments for qbx_management
[script:qbx_managemen] Warning: could not load 'locales/fr.json'
[           resources] Started resource qbx_management
[    c-scripting-core] [0mCreating script environments for qbx_medical
[           resources] Started resource qbx_medical
[    c-scripting-core] Creating script environments for qbx_ambulancejob
[           resources] Started resource qbx_ambulancejob
[    c-scripting-core] [0mCreating script environments for qbx_interior
[ script:qbx_interior] [qbx_interior] [WARN] This resource is still using the deprecated qbx_core utils!
[ script:qbx_interior] [qbx_interior] [WARN] If you are the author, please update to use the new lib module. If you are not, please tell them to update!
[           resources] Started resource qbx_interior
[    c-scripting-core] Creating script environments for Renewed-Weathersync
[           resources] Started resource Renewed-Weathersync
[    c-scripting-core] Creating script environments for qbx_apartments
[script:qbx_apartment] [0m[qbx_apartments] [WARN] This resource is still using the deprecated qbx_core utils!
[script:qbx_apartment] [qbx_apartments] [WARN] If you are the author, please update to use the new lib module. If you are not, please tell them to update!
[           resources] Started resource qbx_apartments
[    c-scripting-core] Creating script environments for qbx_bankrobbery
[script:qbx_bankrobbe] [0m[qbx_bankrobbery] [WARN] This resource is still using the deprecated qbx_core utils!
[script:qbx_bankrobbe] [qbx_bankrobbery] [WARN] If you are the author, please update to use the new lib module. If you are not, please tell them to update!
[           resources] Started resource qbx_bankrobbery
[    c-scripting-core] Creating script environments for qbx_binoculars
[           resources] Started resource qbx_binoculars
[    c-scripting-core] Creating script environments for qbx_busjob
[   script:qbx_busjob] [0m[qbx_busjob] [WARN] This resource is still using the deprecated qbx_core utils!
[   script:qbx_busjob] [qbx_busjob] [WARN] If you are the author, please update to use the new lib module. If you are not, please tell them to update!
[           resources] Started resource qbx_busjob
[    c-scripting-core] Creating script environments for qbx_carwash
[           resources] [0mStarted resource qbx_carwash
[    c-scripting-core] Creating script environments for qbx_cityhall
[           resources] Started resource qbx_cityhall
[    c-scripting-core] Creating script environments for qbx_divegear
[ script:qbx_divegear] [qbx_divegear] [WARN] This resource is still using the deprecated qbx_core utils!
[ script:qbx_divegear] [qbx_divegear] [WARN] If you are the author, please update to use the new lib module. If you are not, please tell them to update!
[           resources] Started resource qbx_divegear
[    c-scripting-core] Creating script environments for qbx_diving
[           resources] Started resource qbx_diving
[    c-scripting-core] [0mCreating script environments for qbx_drugs
[           resources] Started resource qbx_drugs
[    c-scripting-core] Creating script environments for qbx_fireworks
[           resources] Started resource qbx_fireworks
[    c-scripting-core] Creating script environments for qbx_garages
[           resources] Started resource qbx_garages
[    c-scripting-core] Creating script environments for qbx_garbagejob
[script:qbx_garbagejo] [0m[qbx_garbagejob] [WARN] This resource is still using the deprecated qbx_core utils!
[script:qbx_garbagejo] [qbx_garbagejob] [WARN] If you are the author, please update to use the new lib module. If you are not, please tell them to update!
[           resources] Started resource qbx_garbagejob
[    c-scripting-core] Creating script environments for qbx_houserobbery
[script:qbx_houserobb] Warning: could not load 'locales/fr.json'
[           resources] Started resource qbx_houserobbery
[    c-scripting-core] Creating script environments for qbx_houses
[   script:qbx_houses] [qbx_houses] [WARN] This resource is still using the deprecated qbx_core utils!
[   script:qbx_houses] [qbx_houses] [WARN] If you are the author, please update to use the new lib module. If you are not, please tell them to update!
[           resources] Started resource qbx_houses
[    c-scripting-core] [0mCreating script environments for qbx_hud
[           resources] Started resource qbx_hud
[           resources] Started resource MugShotBase64
[    c-scripting-core] [0mCreating script environments for qbx_idcard
[           resources] Started resource qbx_idcard
[    c-scripting-core] Creating script environments for qbx_jewelery
[           resources] Started resource qbx_jewelery
[    c-scripting-core] [0mCreating script environments for qbx_lapraces
[ script:qbx_lapraces] [qbx_lapraces] [WARN] This resource is still using the deprecated qbx_core utils!
[ script:qbx_lapraces] [qbx_lapraces] [WARN] If you are the author, please update to use the new lib module. If you are not, please tell them to update!
[           resources] Started resource qbx_lapraces
[           resources] Started resource qbx_loading
[           resources] Started resource qbx_lockpick
[    c-scripting-core] Creating script environments for qbx_mechanicjob
[script:qbx_mechanicj] [0mWarning: could not load 'locales/fr.json'
[           resources] [0mStarted resource qbx_mechanicjob
[    c-scripting-core] Creating script environments for qbx_newsjob
[           resources] Started resource qbx_newsjob
[    c-scripting-core] Creating script environments for qbx_pawnshop
[           resources] Started resource qbx_pawnshop
[    c-scripting-core] Creating script environments for qbx_prison
[           resources] Started resource qbx_prison
[    c-scripting-core] Creating script environments for qbx_radialmenu
[           resources] Started resource qbx_radialmenu
[    c-scripting-core] Creating script environments for qbx_recyclejob
[           resources] Started resource qbx_recyclejob
[    c-scripting-core] Creating script environments for qbx_scoreboard
[           resources] Started resource qbx_scoreboard
[    c-scripting-core] Creating script environments for qbx_scrapyard
[script:qbx_scrapyard] [qbx_scrapyard] [WARN] This resource is still using the deprecated qbx_core utils!
[script:qbx_scrapyard] [qbx_scrapyard] [WARN] If you are the author, please update to use the new lib module. If you are not, please tell them to update!
[           resources] Started resource qbx_scrapyard
[    c-scripting-core] [0mCreating script environments for qbx_seatbelt
[script:qbx_seatbelt:] Warning: could not load 'locales/fr.json'
[           resources] Started resource qbx_seatbelt
[    c-scripting-core] Creating script environments for qbx_smallresources
[script:qbx_smallreso] [0mWarning: could not load 'locales/fr.json'
[           resources] Started resource qbx_smallresources
[    c-scripting-core] Creating script environments for qbx_storerobbery
[           resources] Started resource qbx_storerobbery
[    c-scripting-core] Creating script environments for qbx_streetraces
[script:qbx_streetrac] [qbx_streetraces] [WARN] This resource is still using the deprecated qbx_core utils!
[script:qbx_streetrac] [qbx_streetraces] [WARN] If you are the author, please update to use the new lib module. If you are not, please tell them to update!
[           resources] Started resource qbx_streetraces
[    c-scripting-core] Creating script environments for qbx_taxijob
[  script:qbx_taxijob] [qbx_taxijob] [WARN] This resource is still using the deprecated qbx_core utils!
[  script:qbx_taxijob] [qbx_taxijob] [WARN] If you are the author, please update to use the new lib module. If you are not, please tell them to update!
[           resources] Started resource qbx_taxijob
[    c-scripting-core] Creating script environments for qbx_towjob
[   script:qbx_towjob] [0m[qbx_towjob] [WARN] This resource is still using the deprecated qbx_core utils!
[   script:qbx_towjob] [qbx_towjob] [WARN] If you are the author, please update to use the new lib module. If you are not, please tell them to update!
[           resources] Started resource qbx_towjob
[    c-scripting-core] Creating script environments for qbx_truckerjob
[           resources] Started resource qbx_truckerjob
[    c-scripting-core] Creating script environments for qbx_truckrobbery
[           resources] Started resource qbx_truckrobbery
[    c-scripting-core] [0mCreating script environments for qbx_vehiclefailure
[           resources] Started resource qbx_vehiclefailure
[    c-scripting-core] Creating script environments for qbx_vehiclekeys
[           resources] Started resource qbx_vehiclekeys
[    c-scripting-core] Creating script environments for qbx_vehicles
[           resources] Started resource qbx_vehicles
[    c-scripting-core] Creating script environments for qbx_vehiclesales
[script:qbx_vehiclesa] [qbx_vehiclesales] [WARN] This resource is still using the deprecated qbx_core utils!
[script:qbx_vehiclesa] [qbx_vehiclesales] [WARN] If you are the author, please update to use the new lib module. If you are not, please tell them to update!
[           resources] Started resource qbx_vehiclesales
[    c-scripting-core] [0mCreating script environments for qbx_vehicleshop
[           resources] Started resource qbx_vehicleshop
[    c-scripting-core] Creating script environments for qbx_vineyard
[           resources] Started resource qbx_vineyard
[    c-scripting-core] Creating script environments for qbx_weed
[           resources] Started resource qbx_weed
[    c-scripting-core] Creating script environments for PolyZone
[           resources] Started resource PolyZone
[    c-scripting-core] Creating script environments for Renewed-Banking
[           resources] Started resource Renewed-Banking
[           resources] Started resource bob74_ipl
[    c-scripting-core] Creating script environments for illenium-appearance
[           resources] Started resource illenium-appearance
[           resources] [0mStarted resource mhacking
[           resources] Started resource safecracker
[    c-scripting-core] Creating script environments for screenshot-basic
[           resources] Started resource screenshot-basic
[    c-scripting-core] Creating script environments for scully_emotemenu
[script:scully_emotem] [scully_emotemenu] [INFO] Prop dump created.
[           resources] Started resource scully_emotemenu
[    c-scripting-core] Creating script environments for ultra-voltlab
[           resources] Started resource ultra-voltlab
[    c-scripting-core] [0mCreating script environments for pma-voice
[           resources] Started resource pma-voice
[    c-scripting-core] Creating script environments for qbx_radio
[           resources] Started resource qbx_radio
[    c-scripting-core] [0mCreating script environments for npwd_qbx_garages
[           resources] Started resource npwd_qbx_garages
[    c-scripting-core] Creating script environments for npwd_qbx_mail
[           resources] Started resource npwd_qbx_mail
[    c-scripting-core] [0mCreating script environments for qbx_npwd
[           resources] Started resource qbx_npwd
[    c-scripting-core] Creating script environments for npwd
[      resources:npwd] [0mWarning: could not find client_script `apps/game/client/*.lua` (defined in fxmanifest.lua:6)
[      resources:npwd] Warning: could not find server_script `build-detector.js` (defined in fxmanifest.lua:12)
[           resources] Started resource npwd (2 warnings)
[script:scully_emotem] [scully_emotemenu] [INFO] Current Version: 1.9.9f
[script:scully_emotem] [scully_emotemenu] [INFO] Latest Version: 1.9.9f
[script:scully_emotem] [scully_emotemenu] [INFO] You are running the latest version.
[   script:mapmanager] [0mStarted map fivem-map-hipster
[           resources] Started resource fivem-map-hipster
[ citizen-server-impl] [0mserver thread hitch warning: timer interval of 316 milliseconds
[      script:oxmysql] [11.2.2-MariaDB] Database server connection established!
[ citizen-server-impl]         fff                          
[ citizen-server-impl]   cccc ff   xx  xx     rr rr    eee  
[ citizen-server-impl] cc     ffff   xx       rrr  r ee   e 
[ citizen-server-impl] cc     ff     xx   ... rr     eeeee  
[ citizen-server-impl]  ccccc ff   xx  xx ... rr      eeeee 
[ citizen-server-impl]                                      
[ citizen-server-impl] Authenticated with cfx.re Nucleus: https://potatoqc-eminence-6xo7j4.users.cfx.re/
[ citizen-server-impl] server thread hitch warning: timer interval of 160 milliseconds
[ script:ox_inventory] [info] Inventory has loaded 328 items
[ citizen-server-impl] [91mServer list query returned an error: System.Threading.Tasks.TaskCanceledException: A task was canceled. <- System.TimeoutException: A task was canceled. <- System.Threading.Tasks.TaskCanceledException: The request was canceled due to the configured HttpClient.Timeout of 30 seconds elapsing.
[ citizen-server-impl] sync thread hitch warning: timer interval of 102 milliseconds
> txaEvent "adminsUpdated" "[1]"
[     script:qbx_core] [qbx_core] [INFO] Louis Larouche (Citizen ID: 22S8YA87) has successfully loaded!
[         script:npwd] [NPWD] [twitter] [error]: Failed to get or create profile, Duplicate entry 'Louis_Larouche' for key 'profile_name_UNIQUE'
[         script:npwd] [NPWD] [marketplace] [error]: Error when deleting listings on player drop, Cannot read properties of undefined (reading 'getListingIdsByIdentifier')
[script:qbx_vehiclesh] SCRIPT ERROR: @qbx_vehicleshop/server/main.lua:35: qbx_vehicleshop was unable to execute a query!
[script:qbx_vehiclesh] Query: SELECT vf.*, p.citizenid FROM vehicle_financing AS vf INNER JOIN players AS p ON p.citizenid = ? INNER JOIN player_vehicles AS pv ON pv.citizenid = p.citizenid AND vf.balance > 0 AND vf.financetime < 1
[script:qbx_vehiclesh] ["license2:4876bae196edba78a670d3c838745846ce740439"]
[script:qbx_vehiclesh] Table 'epopee_local.vehicle_financing' doesn't exist
[script:qbx_vehiclesh] [93m> handler (@qbx_vehicleshop/server/main.lua:35)
[script:qbx_vehiclesh] > logError (@oxmysql/dist/build.js:26282)
[script:qbx_vehiclesh] > rawQuery (@oxmysql/dist/build.js:26458)
[script:qbx_vehiclesh] > processTicksAndRejections (node:internal/process/task_queues:96)
[ citizen-server-impl] Server list query returned an error: System.Threading.Tasks.TaskCanceledException: A task was canceled. <- System.TimeoutException: A task was canceled. <- System.Threading.Tasks.TaskCanceledException: The request was canceled due to the configured HttpClient.Timeout of 30 seconds elapsing.
[ citizen-server-impl] Server list query returned an error: System.Threading.Tasks.TaskCanceledException: A task was canceled. <- System.TimeoutException: A task was canceled. <- System.Threading.Tasks.TaskCanceledException: The request was canceled due to the configured HttpClient.Timeout of 30 seconds elapsing.
> txaEvent "serverShuttingDown" "{＂delay＂:5000,＂author＂:＂PotatoQc-Eminence＂,＂message＂:＂Server shutting down (requested by PotatoQc-Eminence).＂}"
[      script:monitor] [txAdmin] Server shutdown imminent. Kicking all players.

================================================================
======== FXServer Starting - 2024-03-22, 5:14:09 p.m.           
================================================================
[           resources] Scanning resources.
[           resources] Found 94 resources.
[          svadhesive] Authenticating server license key...
[          svadhesive] Server license key authentication succeeded. Welcome!
[    c-scripting-core] [0mCreating script environments for sessionmanager
[           resources] Started resource sessionmanager
[    c-scripting-core] [0mCreating script environments for monitor
[      script:monitor] [txAdmin] Resource v7.0.0 threads and commands set up. All Ready.
[           resources] Started resource monitor
[                 cmd] No such command ].
[                 cmd] No such command ].
[    c-scripting-core] Creating script environments for mapmanager
[           resources] Started resource mapmanager
[    c-scripting-core] Creating script environments for yarn
[           resources] Started resource yarn
[    c-scripting-core] Creating script environments for webpack
[           resources] Started resource webpack
[    c-scripting-core] Creating script environments for chat
[           resources] Started resource chat
[           resources] Started resource spawnmanager
[   script:mapmanager] Started gametype Freeroam
[           resources] Started resource basic-gamemode
[    c-scripting-core] Creating script environments for hardcap
[           resources] Started resource hardcap
[    c-scripting-core] Creating script environments for baseevents
[           resources] Started resource baseevents
[    c-scripting-core] [0mCreating script environments for ox_lib
[           resources] Started resource ox_lib
[    c-scripting-core] Creating script environments for oxmysql
[           resources] Started resource oxmysql
[    c-scripting-core] Creating script environments for qbx_core
[     script:qbx_core] [36m[qbx_core] [INFO] Stopping hardcap...
[           resources] Stopping resource hardcap
[           resources] Started resource qbx_core
[    c-scripting-core] Creating script environments for ox_target
[           resources] Started resource ox_target
[    c-scripting-core] Creating script environments for ox_doorlock
[           resources] Started resource ox_doorlock
[    c-scripting-core] Creating script environments for ox_inventory
[           resources] Started resource ox_inventory
[    c-scripting-core] Creating script environments for ox_fuel
[           resources] Started resource ox_fuel
[    c-scripting-core] Creating script environments for qbx_adminmenu
[           resources] Started resource qbx_adminmenu
[    c-scripting-core] [0mCreating script environments for qbx_policejob
[           resources] [0mStarted resource qbx_policejob
[    c-scripting-core] Creating script environments for qbx_management
[script:qbx_managemen] Warning: could not load 'locales/fr.json'
[           resources] Started resource qbx_management
[38;5;161m[    c-scripting-core] Creating script environments for qbx_medical
[           resources] [0mStarted resource qbx_medical
[    c-scripting-core] Creating script environments for qbx_ambulancejob
[           resources] Started resource qbx_ambulancejob
[    c-scripting-core] Creating script environments for qbx_interior
[ script:qbx_interior] [0m[qbx_interior] [WARN] This resource is still using the deprecated qbx_core utils!
[ script:qbx_interior] [qbx_interior] [WARN] If you are the author, please update to use the new lib module. If you are not, please tell them to update!
[           resources] Started resource qbx_interior
[    c-scripting-core] Creating script environments for Renewed-Weathersync
[           resources] Started resource Renewed-Weathersync
[    c-scripting-core] Creating script environments for qbx_apartments
[script:qbx_apartment] [qbx_apartments] [WARN] This resource is still using the deprecated qbx_core utils!
[script:qbx_apartment] [qbx_apartments] [WARN] If you are the author, please update to use the new lib module. If you are not, please tell them to update!
[           resources] Started resource qbx_apartments
[    c-scripting-core] Creating script environments for qbx_bankrobbery
[script:qbx_bankrobbe] [0m[qbx_bankrobbery] [WARN] This resource is still using the deprecated qbx_core utils!
[script:qbx_bankrobbe] [qbx_bankrobbery] [WARN] If you are the author, please update to use the new lib module. If you are not, please tell them to update!
[           resources] [0mStarted resource qbx_bankrobbery
[    c-scripting-core] Creating script environments for qbx_binoculars
[           resources] Started resource qbx_binoculars
[    c-scripting-core] Creating script environments for qbx_busjob
[   script:qbx_busjob] [qbx_busjob] [WARN] This resource is still using the deprecated qbx_core utils!
[   script:qbx_busjob] [qbx_busjob] [WARN] If you are the author, please update to use the new lib module. If you are not, please tell them to update!
[           resources] Started resource qbx_busjob
[    c-scripting-core] Creating script environments for qbx_carwash
[           resources] Started resource qbx_carwash
[    c-scripting-core] Creating script environments for qbx_cityhall
[           resources] Started resource qbx_cityhall
[    c-scripting-core] [0mCreating script environments for qbx_divegear
[ script:qbx_divegear] [0m[qbx_divegear] [WARN] This resource is still using the deprecated qbx_core utils!
[ script:qbx_divegear] [qbx_divegear] [WARN] If you are the author, please update to use the new lib module. If you are not, please tell them to update!
[           resources] Started resource qbx_divegear
[    c-scripting-core] [0mCreating script environments for qbx_diving
[           resources] Started resource qbx_diving
[    c-scripting-core] Creating script environments for qbx_drugs
[           resources] Started resource qbx_drugs
[    c-scripting-core] Creating script environments for qbx_fireworks
[           resources] [0mStarted resource qbx_fireworks
[    c-scripting-core] Creating script environments for qbx_garages
[           resources] Started resource qbx_garages
[    c-scripting-core] [0mCreating script environments for qbx_garbagejob
[script:qbx_garbagejo] [qbx_garbagejob] [WARN] This resource is still using the deprecated qbx_core utils!
[script:qbx_garbagejo] [qbx_garbagejob] [WARN] If you are the author, please update to use the new lib module. If you are not, please tell them to update!
[           resources] Started resource qbx_garbagejob
[    c-scripting-core] Creating script environments for qbx_houserobbery
[script:qbx_houserobb] [0mWarning: could not load 'locales/fr.json'
[           resources] Started resource qbx_houserobbery
[    c-scripting-core] Creating script environments for qbx_houses
[   script:qbx_houses] [0m[qbx_houses] [WARN] This resource is still using the deprecated qbx_core utils!
[   script:qbx_houses] [qbx_houses] [WARN] If you are the author, please update to use the new lib module. If you are not, please tell them to update!
[           resources] Started resource qbx_houses
[    c-scripting-core] Creating script environments for qbx_hud
[           resources] Started resource qbx_hud
[           resources] Started resource MugShotBase64
[    c-scripting-core] Creating script environments for qbx_idcard
[           resources] Started resource qbx_idcard
[    c-scripting-core] Creating script environments for qbx_jewelery
[           resources] Started resource qbx_jewelery
[    c-scripting-core] Creating script environments for qbx_lapraces
[ script:qbx_lapraces] [qbx_lapraces] [WARN] This resource is still using the deprecated qbx_core utils!
[ script:qbx_lapraces] [qbx_lapraces] [WARN] If you are the author, please update to use the new lib module. If you are not, please tell them to update!
[           resources] Started resource qbx_lapraces
[           resources] Started resource qbx_loading
[           resources] Started resource qbx_lockpick
[    c-scripting-core] Creating script environments for qbx_mechanicjob
[script:qbx_mechanicj] Warning: could not load 'locales/fr.json'
[           resources] Started resource qbx_mechanicjob
[    c-scripting-core] Creating script environments for qbx_newsjob
[           resources] Started resource qbx_newsjob
[    c-scripting-core] Creating script environments for qbx_pawnshop
[           resources] Started resource qbx_pawnshop
[    c-scripting-core] Creating script environments for qbx_prison
[38;5;83m[           resources] Started resource qbx_prison
[    c-scripting-core] Creating script environments for qbx_radialmenu
[           resources] Started resource qbx_radialmenu
[    c-scripting-core] Creating script environments for qbx_recyclejob
[           resources] Started resource qbx_recyclejob
[    c-scripting-core] Creating script environments for qbx_scoreboard
[           resources] Started resource qbx_scoreboard
[    c-scripting-core] Creating script environments for qbx_scrapyard
[script:qbx_scrapyard] [qbx_scrapyard] [WARN] This resource is still using the deprecated qbx_core utils!
[script:qbx_scrapyard] [qbx_scrapyard] [WARN] If you are the author, please update to use the new lib module. If you are not, please tell them to update!
[           resources] Started resource qbx_scrapyard
[    c-scripting-core] Creating script environments for qbx_seatbelt
[script:qbx_seatbelt:] Warning: could not load 'locales/fr.json'
[           resources] [0mStarted resource qbx_seatbelt
[    c-scripting-core] Creating script environments for qbx_smallresources
[script:qbx_smallreso] [0mWarning: could not load 'locales/fr.json'
[           resources] Started resource qbx_smallresources
[    c-scripting-core] Creating script environments for qbx_storerobbery
[           resources] Started resource qbx_storerobbery
[    c-scripting-core] Creating script environments for qbx_streetraces
[script:qbx_streetrac] [qbx_streetraces] [WARN] This resource is still using the deprecated qbx_core utils!
[script:qbx_streetrac] [qbx_streetraces] [WARN] If you are the author, please update to use the new lib module. If you are not, please tell them to update!
[           resources] Started resource qbx_streetraces
[    c-scripting-core] Creating script environments for qbx_taxijob
[  script:qbx_taxijob] [qbx_taxijob] [WARN] This resource is still using the deprecated qbx_core utils!
[  script:qbx_taxijob] [qbx_taxijob] [WARN] If you are the author, please update to use the new lib module. If you are not, please tell them to update!
[           resources] Started resource qbx_taxijob
[    c-scripting-core] Creating script environments for qbx_towjob
[   script:qbx_towjob] [qbx_towjob] [WARN] This resource is still using the deprecated qbx_core utils!
[   script:qbx_towjob] [qbx_towjob] [WARN] If you are the author, please update to use the new lib module. If you are not, please tell them to update!
[           resources] [0mStarted resource qbx_towjob
[    c-scripting-core] Creating script environments for qbx_truckerjob
[           resources] Started resource qbx_truckerjob
[    c-scripting-core] Creating script environments for qbx_truckrobbery
[           resources] Started resource qbx_truckrobbery
[    c-scripting-core] [0mCreating script environments for qbx_vehiclefailure
[           resources] Started resource qbx_vehiclefailure
[    c-scripting-core] Creating script environments for qbx_vehiclekeys
[           resources] Started resource qbx_vehiclekeys
[    c-scripting-core] Creating script environments for qbx_vehicles
[           resources] Started resource qbx_vehicles
[    c-scripting-core] Creating script environments for qbx_vehiclesales
[script:qbx_vehiclesa] [qbx_vehiclesales] [WARN] This resource is still using the deprecated qbx_core utils!
[script:qbx_vehiclesa] [qbx_vehiclesales] [WARN] If you are the author, please update to use the new lib module. If you are not, please tell them to update!
[           resources] Started resource qbx_vehiclesales
[    c-scripting-core] Creating script environments for qbx_vehicleshop
[           resources] Started resource qbx_vehicleshop
[    c-scripting-core] Creating script environments for qbx_vineyard
[           resources] Started resource qbx_vineyard
[    c-scripting-core] Creating script environments for qbx_weed
[           resources] Started resource qbx_weed
[    c-scripting-core] Creating script environments for PolyZone
[           resources] [0mStarted resource PolyZone
[    c-scripting-core] Creating script environments for Renewed-Banking
[           resources] [0mStarted resource Renewed-Banking
[           resources] Started resource bob74_ipl
[    c-scripting-core] Creating script environments for illenium-appearance
[           resources] Started resource illenium-appearance
[           resources] [0mStarted resource mhacking
[           resources] Started resource safecracker
[    c-scripting-core] Creating script environments for screenshot-basic
[           resources] Started resource screenshot-basic
[    c-scripting-core] [0mCreating script environments for scully_emotemenu
[script:scully_emotem] [scully_emotemenu] [INFO] Prop dump created.
[           resources] Started resource scully_emotemenu
[    c-scripting-core] Creating script environments for ultra-voltlab
[           resources] Started resource ultra-voltlab
[    c-scripting-core] Creating script environments for pma-voice
[           resources] Started resource pma-voice
[    c-scripting-core] Creating script environments for qbx_radio
[           resources] Started resource qbx_radio
[ citizen-server-impl] Couldn't find resource category [npwd-apps].
[ citizen-server-impl] Couldn't find resource qbx_npwd.
[ citizen-server-impl] Couldn't find resource npwd.
[script:scully_emotem] [scully_emotemenu] [INFO] Current Version: 1.9.9f
[script:scully_emotem] [scully_emotemenu] [INFO] Latest Version: 1.9.9f
[script:scully_emotem] [scully_emotemenu] [INFO] You are running the latest version.
[   script:mapmanager] Started map fivem-map-hipster
[           resources] Started resource fivem-map-hipster
[      script:oxmysql] [0m[11.2.2-MariaDB] Database server connection established!
[ citizen-server-impl] [0m        fff                          
[ citizen-server-impl]   cccc ff   xx  xx     rr rr    eee  
[ citizen-server-impl] cc     ffff   xx       rrr  r ee   e 
[ citizen-server-impl] cc     ff     xx   ... rr     eeeee  
[ citizen-server-impl]  ccccc ff   xx  xx ... rr      eeeee 
[ citizen-server-impl]                                      
[ citizen-server-impl] Authenticated with cfx.re Nucleus: https://potatoqc-eminence-6xo7j4.users.cfx.re/
[ script:ox_inventory] [info] Inventory has loaded 328 items
[ citizen-server-impl] Server list query returned an error: System.Threading.Tasks.TaskCanceledException: A task was canceled. <- System.TimeoutException: A task was canceled. <- System.Threading.Tasks.TaskCanceledException: The request was canceled due to the configured HttpClient.Timeout of 30 seconds elapsing.
[     script:qbx_core] [qbx_core] [INFO] Louis Larouche (Citizen ID: 22S8YA87) has successfully loaded!
[ citizen-server-impl] Server list query returned an error: System.Threading.Tasks.TaskCanceledException: A task was canceled. <- System.TimeoutException: A task was canceled. <- System.Threading.Tasks.TaskCanceledException: The request was canceled due to the configured HttpClient.Timeout of 30 seconds elapsing.
> txaEvent "serverShuttingDown" "{＂delay＂:5000,＂author＂:＂PotatoQc-Eminence＂,＂message＂:＂Server restarting (requested by PotatoQc-Eminence).＂}"
[      script:monitor] [txAdmin] Server shutdown imminent. Kicking all players.

================================================================
======== FXServer Starting - 2024-03-22, 5:17:44 p.m.           
================================================================
[           resources] Scanning resources.
[           resources] Found 45 resources.
[          svadhesive] Authenticating server license key...
[          svadhesive] Server license key authentication succeeded. Welcome!
[    c-scripting-core] Creating script environments for sessionmanager
[           resources] Started resource sessionmanager
[    c-scripting-core] Creating script environments for monitor
[      script:monitor] [txAdmin] Resource v7.0.0 threads and commands set up. All Ready.
[           resources] Started resource monitor
[                 cmd] No such command ].
[                 cmd] No such command ].
[    c-scripting-core] Creating script environments for mapmanager
[           resources] Started resource mapmanager
[    c-scripting-core] Creating script environments for yarn
[           resources] Started resource yarn
[    c-scripting-core] Creating script environments for webpack
[           resources] Started resource webpack
[    c-scripting-core] Creating script environments for chat
[           resources] [0mStarted resource chat
[           resources] Started resource spawnmanager
[   script:mapmanager] Started gametype Freeroam
[           resources] Started resource basic-gamemode
[    c-scripting-core] Creating script environments for hardcap
[           resources] Started resource hardcap
[    c-scripting-core] Creating script environments for baseevents
[           resources] Started resource baseevents
[    c-scripting-core] Creating script environments for ox_lib
[           resources] Started resource ox_lib
[    c-scripting-core] Creating script environments for oxmysql
[           resources] Started resource oxmysql
[    c-scripting-core] Creating script environments for qbx_core
[     script:qbx_core] [qbx_core] [INFO] Stopping hardcap...
[           resources] Stopping resource hardcap
[           resources] Started resource qbx_core
[    c-scripting-core] Creating script environments for ox_target
[           resources] Started resource ox_target
[    c-scripting-core] Creating script environments for ox_doorlock
[           resources] Started resource ox_doorlock
[    c-scripting-core] Creating script environments for ox_inventory
[           resources] Started resource ox_inventory
[    c-scripting-core] Creating script environments for ox_fuel
[           resources] Started resource ox_fuel
[           resources] Started resource MugShotBase64
[    c-scripting-core] Creating script environments for PolyZone
[           resources] Started resource PolyZone
[    c-scripting-core] Creating script environments for Renewed-Banking
[           resources] Started resource Renewed-Banking
[    c-scripting-core] Creating script environments for Renewed-Weathersync
[           resources] Started resource Renewed-Weathersync
[           resources] Started resource bob74_ipl
[    c-scripting-core] Creating script environments for illenium-appearance
[           resources] Started resource illenium-appearance
[           resources] Started resource mhacking
[           resources] Started resource safecracker
[    c-scripting-core] Creating script environments for screenshot-basic
[           resources] Started resource screenshot-basic
[    c-scripting-core] Creating script environments for scully_emotemenu
[script:scully_emotem] [scully_emotemenu] [INFO] Prop dump created.
[           resources] Started resource scully_emotemenu
[    c-scripting-core] Creating script environments for ultra-voltlab
[           resources] Started resource ultra-voltlab
[    c-scripting-core] Creating script environments for pma-voice
[           resources] Started resource pma-voice
[    c-scripting-core] Creating script environments for qbx_radio
[           resources] Started resource qbx_radio
[ citizen-server-impl] Couldn't find resource category [npwd-apps].
[ citizen-server-impl] Couldn't find resource qbx_npwd.
[ citizen-server-impl] Couldn't find resource npwd.
[script:scully_emotem] [scully_emotemenu] [INFO] Current Version: 1.9.9f
[script:scully_emotem] [scully_emotemenu] [INFO] Latest Version: 1.9.9f
[script:scully_emotem] [scully_emotemenu] [INFO] You are running the latest version.
[   script:mapmanager] Started map fivem-map-hipster
[           resources] Started resource fivem-map-hipster
[      script:oxmysql] [11.2.2-MariaDB] Database server connection established!
[ citizen-server-impl]         fff                          
[ citizen-server-impl]   cccc ff   xx  xx     rr rr    eee  
[ citizen-server-impl] cc     ffff   xx       rrr  r ee   e 
[ citizen-server-impl] cc     ff     xx   ... rr     eeeee  
[ citizen-server-impl]  ccccc ff   xx  xx ... rr      eeeee 
[ citizen-server-impl]                                      
[ citizen-server-impl] Authenticated with cfx.re Nucleus: https://potatoqc-eminence-6xo7j4.users.cfx.re/
[ script:ox_inventory] [info] Inventory has loaded 328 items
[ citizen-server-impl] Server list query returned an error: System.Threading.Tasks.TaskCanceledException: A task was canceled. <- System.TimeoutException: A task was canceled. <- System.Threading.Tasks.TaskCanceledException: The request was canceled due to the configured HttpClient.Timeout of 30 seconds elapsing.
[     script:qbx_core] [qbx_core] [INFO] Louis Larouche (Citizen ID: 22S8YA87) has successfully loaded!
[ script:ox_inventory] [info] Saving 1 inventories to the database
[ script:ox_inventory] [0m[info] Saved 1/1 players (2.5006 ms)
> txaEvent "serverShuttingDown" "{＂delay＂:5000,＂author＂:＂PotatoQc-Eminence＂,＂message＂:＂Server restarting (requested by PotatoQc-Eminence).＂}"
[      script:monitor] [txAdmin] Server shutdown imminent. Kicking all players.

================================================================
======== FXServer Starting - 2024-03-22, 5:21:11 p.m.           
================================================================
[           resources] Scanning resources.
[           resources] Found 45 resources.
[          svadhesive] Authenticating server license key...
[          svadhesive] Server license key authentication succeeded. Welcome!
[    c-scripting-core] Creating script environments for sessionmanager
[           resources] [0mStarted resource sessionmanager
[    c-scripting-core] Creating script environments for monitor
[      script:monitor] [txAdmin] Resource v7.0.0 threads and commands set up. All Ready.
[           resources] Started resource monitor
[                 cmd] [0mNo such command ].
[                 cmd] No such command ].
[    c-scripting-core] Creating script environments for mapmanager
[           resources] Started resource mapmanager
[    c-scripting-core] Creating script environments for yarn
[           resources] Started resource yarn
[    c-scripting-core] [97mCreating script environments for webpack
[           resources] Started resource webpack
[    c-scripting-core] [0mCreating script environments for chat
[           resources] Started resource chat
[           resources] Started resource spawnmanager
[   script:mapmanager] Started gametype Freeroam
[           resources] Started resource basic-gamemode
[    c-scripting-core] Creating script environments for hardcap
[           resources] Started resource hardcap
[    c-scripting-core] Creating script environments for baseevents
[           resources] Started resource baseevents
[    c-scripting-core] Creating script environments for ox_lib
[           resources] Started resource ox_lib
[    c-scripting-core] Creating script environments for oxmysql
[           resources] [0mStarted resource oxmysql
[    c-scripting-core] Creating script environments for qbx_core
[     script:qbx_core] [97m[qbx_core] [INFO] Stopping hardcap...
[           resources] Stopping resource hardcap
[           resources] Started resource qbx_core
[    c-scripting-core] Creating script environments for ox_target
[           resources] Started resource ox_target
[38;5;161m[    c-scripting-core] Creating script environments for ox_doorlock
[           resources] Started resource ox_doorlock
[    c-scripting-core] Creating script environments for ox_inventory
[           resources] Started resource ox_inventory
[    c-scripting-core] Creating script environments for ox_fuel
[           resources] Started resource ox_fuel
[           resources] Started resource MugShotBase64
[    c-scripting-core] Creating script environments for PolyZone
[           resources] Started resource PolyZone
[    c-scripting-core] Creating script environments for Renewed-Banking
[           resources] Started resource Renewed-Banking
[    c-scripting-core] Creating script environments for Renewed-Weathersync
[           resources] Started resource Renewed-Weathersync
[           resources] Started resource bob74_ipl
[    c-scripting-core] Creating script environments for illenium-appearance
[           resources] Started resource illenium-appearance
[           resources] Started resource mhacking
[           resources] Started resource safecracker
[    c-scripting-core] Creating script environments for screenshot-basic
[           resources] Started resource screenshot-basic
[    c-scripting-core] Creating script environments for scully_emotemenu
[script:scully_emotem] [scully_emotemenu] [INFO] Prop dump created.
[           resources] Started resource scully_emotemenu
[    c-scripting-core] Creating script environments for ultra-voltlab
[           resources] Started resource ultra-voltlab
[    c-scripting-core] Creating script environments for pma-voice
[           resources] Started resource pma-voice
[    c-scripting-core] Creating script environments for qbx_radio
[           resources] Started resource qbx_radio
[ citizen-server-impl] Couldn't find resource category [npwd-apps].
[ citizen-server-impl] Couldn't find resource qbx_npwd.
[ citizen-server-impl] Couldn't find resource npwd.
[script:scully_emotem] [scully_emotemenu] [INFO] Current Version: 1.9.9f
[script:scully_emotem] [scully_emotemenu] [INFO] Latest Version: 1.9.9f
[script:scully_emotem] [scully_emotemenu] [INFO] You are running the latest version.
[   script:mapmanager] Started map fivem-map-hipster
[           resources] Started resource fivem-map-hipster
[      script:oxmysql] [11.2.2-MariaDB] Database server connection established!
[ citizen-server-impl]         fff                          
[ citizen-server-impl]   cccc ff   xx  xx     rr rr    eee  
[ citizen-server-impl] cc     ffff   xx       rrr  r ee   e 
[ citizen-server-impl] cc     ff     xx   ... rr     eeeee  
[ citizen-server-impl]  ccccc ff   xx  xx ... rr      eeeee 
[ citizen-server-impl]                                      
[ citizen-server-impl] Authenticated with cfx.re Nucleus: https://potatoqc-eminence-6xo7j4.users.cfx.re/
[ script:ox_inventory] [info] Inventory has loaded 328 items
[ citizen-server-impl] Server list query returned an error: System.Threading.Tasks.TaskCanceledException: A task was canceled. <- System.TimeoutException: A task was canceled. <- System.Threading.Tasks.TaskCanceledException: The request was canceled due to the configured HttpClient.Timeout of 30 seconds elapsing.
[     script:qbx_core] [qbx_core] [INFO] Louis Larouche (Citizen ID: 22S8YA87) has successfully loaded!
[ script:ox_inventory] [info] Saving 1 inventories to the database
[ script:ox_inventory] [info] Saved 1/1 players (2.5008 ms)
[ citizen-server-impl] Server list query returned an error: System.Threading.Tasks.TaskCanceledException: A task was canceled. <- System.TimeoutException: A task was canceled. <- System.Threading.Tasks.TaskCanceledException: The request was canceled due to the configured HttpClient.Timeout of 30 seconds elapsing.
[ citizen-server-impl] Server list query returned an error: System.Threading.Tasks.TaskCanceledException: A task was canceled. <- System.TimeoutException: A task was canceled. <- System.Threading.Tasks.TaskCanceledException: The request was canceled due to the configured HttpClient.Timeout of 30 seconds elapsing.
[ citizen-server-impl] Server list query returned an error: System.Threading.Tasks.TaskCanceledException: A task was canceled. <- System.TimeoutException: A task was canceled. <- System.Threading.Tasks.TaskCanceledException: The request was canceled due to the configured HttpClient.Timeout of 30 seconds elapsing.
[ citizen-server-impl] Server list query returned an error: System.Threading.Tasks.TaskCanceledException: A task was canceled. <- System.TimeoutException: A task was canceled. <- System.Threading.Tasks.TaskCanceledException: The request was canceled due to the configured HttpClient.Timeout of 30 seconds elapsing.
[ citizen-server-impl] Server list query returned an error: System.Threading.Tasks.TaskCanceledException: A task was canceled. <- System.TimeoutException: A task was canceled. <- System.Threading.Tasks.TaskCanceledException: The request was canceled due to the configured HttpClient.Timeout of 30 seconds elapsing.
[ citizen-server-impl] [0mServer list query returned an error: System.Threading.Tasks.TaskCanceledException: A task was canceled. <- System.TimeoutException: A task was canceled. <- System.Threading.Tasks.TaskCanceledException: The request was canceled due to the configured HttpClient.Timeout of 30 seconds elapsing.
[ citizen-server-impl] Server list query returned an error: System.Threading.Tasks.TaskCanceledException: A task was canceled. <- System.TimeoutException: A task was canceled. <- System.Threading.Tasks.TaskCanceledException: The request was canceled due to the configured HttpClient.Timeout of 30 seconds elapsing.
[ citizen-server-impl] Server list query returned an error: System.Threading.Tasks.TaskCanceledException: A task was canceled. <- System.TimeoutException: A task was canceled. <- System.Threading.Tasks.TaskCanceledException: The request was canceled due to the configured HttpClient.Timeout of 30 seconds elapsing.
[ citizen-server-impl] Server list query returned an error: System.Threading.Tasks.TaskCanceledException: A task was canceled. <- System.TimeoutException: A task was canceled. <- System.Threading.Tasks.TaskCanceledException: The request was canceled due to the configured HttpClient.Timeout of 30 seconds elapsing.
[38;5;73m[ citizen-server-impl] Server list query returned an error: System.Threading.Tasks.TaskCanceledException: A task was canceled. <- System.TimeoutException: A task was canceled. <- System.Threading.Tasks.TaskCanceledException: The request was canceled due to the configured HttpClient.Timeout of 30 seconds elapsing.
[ citizen-server-impl] [0mServer list query returned an error: System.Threading.Tasks.TaskCanceledException: A task was canceled. <- System.TimeoutException: A task was canceled. <- System.Threading.Tasks.TaskCanceledException: The request was canceled due to the configured HttpClient.Timeout of 30 seconds elapsing.
[ citizen-server-impl] Server list query returned an error: System.Threading.Tasks.TaskCanceledException: A task was canceled. <- System.TimeoutException: A task was canceled. <- System.Threading.Tasks.TaskCanceledException: The request was canceled due to the configured HttpClient.Timeout of 30 seconds elapsing.
[ citizen-server-impl] Server list query returned an error: System.Threading.Tasks.TaskCanceledException: A task was canceled. <- System.TimeoutException: A task was canceled. <- System.Threading.Tasks.TaskCanceledException: The request was canceled due to the configured HttpClient.Timeout of 30 seconds elapsing.
[ citizen-server-impl] Server list query returned an error: System.Threading.Tasks.TaskCanceledException: A task was canceled. <- System.TimeoutException: A task was canceled. <- System.Threading.Tasks.TaskCanceledException: The request was canceled due to the configured HttpClient.Timeout of 30 seconds elapsing.
[ citizen-server-impl] Server list query returned an error: System.Threading.Tasks.TaskCanceledException: A task was canceled. <- System.TimeoutException: A task was canceled. <- System.Threading.Tasks.TaskCanceledException: The request was canceled due to the configured HttpClient.Timeout of 30 seconds elapsing.
[ citizen-server-impl] [91mServer list query returned an error: System.Threading.Tasks.TaskCanceledException: A task was canceled. <- System.TimeoutException: A task was canceled. <- System.Threading.Tasks.TaskCanceledException: The request was canceled due to the configured HttpClient.Timeout of 30 seconds elapsing.
[ citizen-server-impl] Server list query returned an error: System.Threading.Tasks.TaskCanceledException: A task was canceled. <- System.TimeoutException: A task was canceled. <- System.Threading.Tasks.TaskCanceledException: The request was canceled due to the configured HttpClient.Timeout of 30 seconds elapsing.
[ citizen-server-impl] Server list query returned an error: System.Threading.Tasks.TaskCanceledException: A task was canceled. <- System.TimeoutException: A task was canceled. <- System.Threading.Tasks.TaskCanceledException: The request was canceled due to the configured HttpClient.Timeout of 30 seconds elapsing.
[ citizen-server-impl] Server list query returned an error: System.Threading.Tasks.TaskCanceledException: A task was canceled. <- System.TimeoutException: A task was canceled. <- System.Threading.Tasks.TaskCanceledException: The request was canceled due to the configured HttpClient.Timeout of 30 seconds elapsing.
[ citizen-server-impl] Server list query returned an error: System.Threading.Tasks.TaskCanceledException: A task was canceled. <- System.TimeoutException: A task was canceled. <- System.Threading.Tasks.TaskCanceledException: The request was canceled due to the configured HttpClient.Timeout of 30 seconds elapsing.
[ citizen-server-impl] Server list query returned an error: System.Threading.Tasks.TaskCanceledException: A task was canceled. <- System.TimeoutException: A task was canceled. <- System.Threading.Tasks.TaskCanceledException: The request was canceled due to the configured HttpClient.Timeout of 30 seconds elapsing.
[ citizen-server-impl] Server list query returned an error: System.Threading.Tasks.TaskCanceledException: A task was canceled. <- System.TimeoutException: A task was canceled. <- System.Threading.Tasks.TaskCanceledException: The request was canceled due to the configured HttpClient.Timeout of 30 seconds elapsing.
