
================================================================
======== txAdmin Starting - 2024-03-25, 5:17:56 p.m.            
================================================================

================================================================
======== Log Rotated - 2024-03-25, 5:17:56 p.m.                 
================================================================
[5:18:32 p.m.] txAdmin: Logger started
[5:18:59 p.m.] [qDdxe#1] Louis Larouche: joined with identifiers [license:fbaa544f1d1d9825b63186ccd674f8140c6d6c8d; xbl:2535473078693803; live:1688853927702611; discord:334921259894833162; fivem:451281; license2:4876bae196edba78a670d3c838745846ce740439]
[5:21:02 p.m.] [qDdxe#1] Louis Larouche: disconnected (Exiting)
[5:36:29 p.m.] [qDdxe#2] Louis Larouche: joined with identifiers [license:fbaa544f1d1d9825b63186ccd674f8140c6d6c8d; xbl:2535473078693803; live:1688853927702611; discord:334921259894833162; fivem:451281; license2:4876bae196edba78a670d3c838745846ce740439]
[5:37:34 p.m.] [qDdxe#2] Louis Larouche: said "/pedmneu"
[5:58:13 p.m.] [qDdxe#2] Louis Larouche: disconnected (Exiting)
[5:58:27 p.m.] txAdmin: Logger started
[5:59:39 p.m.] [4xaAJ#1] Louis Larouche: joined with identifiers [license:fbaa544f1d1d9825b63186ccd674f8140c6d6c8d; xbl:2535473078693803; live:1688853927702611; discord:334921259894833162; fivem:451281; license2:4876bae196edba78a670d3c838745846ce740439]
[6:02:32 p.m.] [4xaAJ#1] Louis Larouche: disconnected (Exiting)
[6:02:47 p.m.] txAdmin: Logger started
[6:04:10 p.m.] txAdmin: Logger started
[6:04:24 p.m.] [JVcYw#1] Louis Larouche: joined with identifiers [license:fbaa544f1d1d9825b63186ccd674f8140c6d6c8d; xbl:2535473078693803; live:1688853927702611; discord:334921259894833162; fivem:451281; license2:4876bae196edba78a670d3c838745846ce740439]
[6:05:20 p.m.] [JVcYw#1] Louis Larouche: disconnected (Exiting)
[6:05:38 p.m.] txAdmin: Logger started
[6:05:44 p.m.] [GHdrW#1] Louis Larouche: joined with identifiers [license:fbaa544f1d1d9825b63186ccd674f8140c6d6c8d; xbl:2535473078693803; live:1688853927702611; discord:334921259894833162; fivem:451281; license2:4876bae196edba78a670d3c838745846ce740439]
[6:19:50 p.m.] [GHdrW#1] Louis Larouche: disconnected (Exiting)
[8:53:35 p.m.] txAdmin: Logger started
[8:53:37 p.m.] [FakCx#1] Louis Larouche: joined with identifiers [license:fbaa544f1d1d9825b63186ccd674f8140c6d6c8d; xbl:2535473078693803; live:1688853927702611; discord:334921259894833162; fivem:451281; license2:4876bae196edba78a670d3c838745846ce740439]
[9:11:58 p.m.] [FakCx#1] Louis Larouche: disconnected (Exiting)
[9:16:45 p.m.] txAdmin: Logger started
[9:17:13 p.m.] [yatfE#1] Louis Larouche: joined with identifiers [license:fbaa544f1d1d9825b63186ccd674f8140c6d6c8d; xbl:2535473078693803; live:1688853927702611; discord:334921259894833162; fivem:451281; license2:4876bae196edba78a670d3c838745846ce740439]
[9:17:47 p.m.] [yatfE#1] Louis Larouche: said "/pedmneu"
[9:18:27 p.m.] [yatfE#1] Louis Larouche: disconnected (Exiting)
[9:18:43 p.m.] txAdmin: Logger started
[9:18:49 p.m.] [V8tmU#1] Louis Larouche: joined with identifiers [license:fbaa544f1d1d9825b63186ccd674f8140c6d6c8d; xbl:2535473078693803; live:1688853927702611; discord:334921259894833162; fivem:451281; license2:4876bae196edba78a670d3c838745846ce740439]
[9:23:12 p.m.] [V8tmU#1] Louis Larouche: disconnected (Exiting)

================================================================
======== txAdmin Starting - 2024-03-25, 9:24:10 p.m.            
================================================================
[9:25:26 p.m.] txAdmin: Logger started
[9:25:44 p.m.] [JQxFN#1] Louis Larouche: joined with identifiers [license:fbaa544f1d1d9825b63186ccd674f8140c6d6c8d; xbl:2535473078693803; live:1688853927702611; discord:334921259894833162; fivem:451281; license2:4876bae196edba78a670d3c838745846ce740439]
[9:28:36 p.m.] [JQxFN#1] Louis Larouche: died from suicide
[9:28:43 p.m.] [JQxFN#1] Louis Larouche: healed themself
[9:30:50 p.m.] [JQxFN#1] Louis Larouche: disconnected (Exiting)
