
================================================================
======== txAdmin Starting - 2024-03-23, 8:04:29 p.m.            
================================================================

================================================================
======== Log Rotated - 2024-03-23, 8:04:29 p.m.                 
================================================================
[8:05:28 p.m.] txAdmin: Logger started
[8:10:28 p.m.] txAdmin: Logger started
[8:17:45 p.m.] [cbP8J#1] Louis Larouche: joined with identifiers [license:fbaa544f1d1d9825b63186ccd674f8140c6d6c8d; xbl:2535473078693803; live:1688853927702611; discord:334921259894833162; fivem:451281; license2:4876bae196edba78a670d3c838745846ce740439]
[8:18:19 p.m.] [cbP8J#1] Louis Larouche: said "/skin"
[8:21:04 p.m.] [cbP8J#1] Louis Larouche: disconnected (Exiting)
[8:23:08 p.m.] txAdmin: Logger started
[8:24:15 p.m.] [hVyjW#1] Louis Larouche: joined with identifiers [license:fbaa544f1d1d9825b63186ccd674f8140c6d6c8d; xbl:2535473078693803; live:1688853927702611; discord:334921259894833162; fivem:451281; license2:4876bae196edba78a670d3c838745846ce740439]
[8:26:06 p.m.] [hVyjW#1] Louis Larouche: disconnected (Exiting)
[8:26:19 p.m.] txAdmin: Logger started
[8:26:44 p.m.] [qJgEG#1] Louis Larouche: joined with identifiers [license:fbaa544f1d1d9825b63186ccd674f8140c6d6c8d; xbl:2535473078693803; live:1688853927702611; discord:334921259894833162; fivem:451281; license2:4876bae196edba78a670d3c838745846ce740439]
[8:28:26 p.m.] [qJgEG#1] Louis Larouche: disconnected (Exiting)
[8:28:44 p.m.] txAdmin: Logger started
[8:30:23 p.m.] [QbmGY#1] Louis Larouche: joined with identifiers [license:fbaa544f1d1d9825b63186ccd674f8140c6d6c8d; xbl:2535473078693803; live:1688853927702611; discord:334921259894833162; fivem:451281; license2:4876bae196edba78a670d3c838745846ce740439]
[8:31:28 p.m.] [QbmGY#1] Louis Larouche: disconnected (Exiting)
[8:31:58 p.m.] txAdmin: Logger started
[8:32:37 p.m.] [EmRDT#1] Louis Larouche: joined with identifiers [license:fbaa544f1d1d9825b63186ccd674f8140c6d6c8d; xbl:2535473078693803; live:1688853927702611; discord:334921259894833162; fivem:451281; license2:4876bae196edba78a670d3c838745846ce740439]
[8:38:32 p.m.] [EmRDT#1] Louis Larouche: disconnected ([txAdmin] Server restarting (requested by PotatoQc-Eminence).)
[8:38:45 p.m.] txAdmin: Logger started
[8:38:57 p.m.] [NzPFj#1] Louis Larouche: joined with identifiers [license:fbaa544f1d1d9825b63186ccd674f8140c6d6c8d; xbl:2535473078693803; live:1688853927702611; discord:334921259894833162; fivem:451281; license2:4876bae196edba78a670d3c838745846ce740439]
[8:46:36 p.m.] [NzPFj#1] Louis Larouche: disconnected ([txAdmin] Server restarting (requested by PotatoQc-Eminence).)
[8:48:07 p.m.] txAdmin: Logger started
[8:48:52 p.m.] [88yaq#1] Louis Larouche: joined with identifiers [license:fbaa544f1d1d9825b63186ccd674f8140c6d6c8d; xbl:2535473078693803; live:1688853927702611; discord:334921259894833162; fivem:451281; license2:4876bae196edba78a670d3c838745846ce740439]
[8:55:26 p.m.] [88yaq#1] Louis Larouche: disconnected (Exiting)
[8:55:42 p.m.] txAdmin: Logger started
[8:56:04 p.m.] [DpArp#1] Louis Larouche: joined with identifiers [license:fbaa544f1d1d9825b63186ccd674f8140c6d6c8d; xbl:2535473078693803; live:1688853927702611; discord:334921259894833162; fivem:451281; license2:4876bae196edba78a670d3c838745846ce740439]
[8:57:22 p.m.] [DpArp#1] Louis Larouche: disconnected (Exiting)
[9:03:54 p.m.] txAdmin: Logger started
[9:04:57 p.m.] [f9376#1] Louis Larouche: joined with identifiers [license:fbaa544f1d1d9825b63186ccd674f8140c6d6c8d; xbl:2535473078693803; live:1688853927702611; discord:334921259894833162; fivem:451281; license2:4876bae196edba78a670d3c838745846ce740439]
[9:06:52 p.m.] [f9376#1] Louis Larouche: disconnected (Exiting)
[9:07:27 p.m.] txAdmin: Logger started
[9:08:07 p.m.] [M3Ftm#1] Louis Larouche: joined with identifiers [license:fbaa544f1d1d9825b63186ccd674f8140c6d6c8d; xbl:2535473078693803; live:1688853927702611; discord:334921259894833162; fivem:451281; license2:4876bae196edba78a670d3c838745846ce740439]
[9:09:33 p.m.] [M3Ftm#1] Louis Larouche: disconnected (Exiting)
