
================================================================
======== txAdmin Starting - 2024-03-24, 9:40:28 a.m.            
================================================================

================================================================
======== Log Rotated - 2024-03-24, 9:40:28 a.m.                 
================================================================
[9:40:53 a.m.] txAdmin: Logger started
[9:41:57 a.m.] txAdmin: Logger started
[9:42:55 a.m.] [YkkKQ#1] Louis Larouche: joined with identifiers [license:fbaa544f1d1d9825b63186ccd674f8140c6d6c8d; xbl:2535473078693803; live:1688853927702611; discord:334921259894833162; fivem:451281; license2:4876bae196edba78a670d3c838745846ce740439]
[9:47:48 a.m.] [YkkKQ#1] Louis Larouche: disconnected (Exiting)
[9:48:35 a.m.] txAdmin: Logger started
[9:49:42 a.m.] txAdmin: Logger started
[9:49:55 a.m.] [9HJGJ#1] Louis Larouche: joined with identifiers [license:fbaa544f1d1d9825b63186ccd674f8140c6d6c8d; xbl:2535473078693803; live:1688853927702611; discord:334921259894833162; fivem:451281; license2:4876bae196edba78a670d3c838745846ce740439]
[9:55:34 a.m.] [9HJGJ#1] Louis Larouche: disconnected (Exiting)
[9:55:57 a.m.] txAdmin: Logger started
[9:56:25 a.m.] [i9L4i#1] Louis Larouche: joined with identifiers [license:fbaa544f1d1d9825b63186ccd674f8140c6d6c8d; xbl:2535473078693803; live:1688853927702611; discord:334921259894833162; fivem:451281; license2:4876bae196edba78a670d3c838745846ce740439]
[9:56:57 a.m.] [i9L4i#1] Louis Larouche: said "/pedmneu"
[9:59:53 a.m.] [i9L4i#1] Louis Larouche: disconnected (Exiting)

================================================================
======== txAdmin Starting - 2024-03-24, 6:06:09 p.m.            
================================================================
[6:06:51 p.m.] txAdmin: Logger started
[6:06:57 p.m.] [YTCx7#1] Louis Larouche: joined with identifiers [license:fbaa544f1d1d9825b63186ccd674f8140c6d6c8d; xbl:2535473078693803; live:1688853927702611; discord:334921259894833162; fivem:451281; license2:4876bae196edba78a670d3c838745846ce740439]
[6:07:55 p.m.] [YTCx7#1] Louis Larouche: said "/pedmneu"
[6:18:35 p.m.] [YTCx7#1] Louis Larouche: healed themself
[6:19:41 p.m.] [YTCx7#1] Louis Larouche: died from suicide (Falling)
[6:19:56 p.m.] [YTCx7#1] Louis Larouche: healed themself
[6:20:11 p.m.] [YTCx7#1] Louis Larouche: enabled noclip
[6:20:13 p.m.] [YTCx7#1] Louis Larouche: became mortal (standard mode)
[6:20:35 p.m.] [YTCx7#1] Louis Larouche: healed themself
[6:21:46 p.m.] [YTCx7#1] Louis Larouche: died from suicide (Falling)
[6:24:29 p.m.] [YTCx7#1] Louis Larouche: healed themself
[6:24:53 p.m.] [YTCx7#1] Louis Larouche: disconnected (Exiting)
[6:25:13 p.m.] [YTCx7#2] Louis Larouche: joined with identifiers [license:fbaa544f1d1d9825b63186ccd674f8140c6d6c8d; xbl:2535473078693803; live:1688853927702611; discord:334921259894833162; fivem:451281; license2:4876bae196edba78a670d3c838745846ce740439]
[6:27:34 p.m.] [YTCx7#2] Louis Larouche: died from suicide (Falling)
[6:27:37 p.m.] [YTCx7#2] Louis Larouche: healed themself
[6:27:38 p.m.] [YTCx7#2] Louis Larouche: died from suicide (Falling)
[6:27:42 p.m.] [YTCx7#2] Louis Larouche: healed themself
[6:27:43 p.m.] [YTCx7#2] Louis Larouche: healed themself
[6:27:43 p.m.] [YTCx7#2] Louis Larouche: healed themself
[6:27:44 p.m.] [YTCx7#2] Louis Larouche: healed themself
[6:27:44 p.m.] [YTCx7#2] Louis Larouche: died from suicide (Falling)
[6:27:44 p.m.] [YTCx7#2] Louis Larouche: healed themself
[6:27:44 p.m.] [YTCx7#2] Louis Larouche: healed themself
[6:27:44 p.m.] [YTCx7#2] Louis Larouche: healed themself
[6:27:45 p.m.] [YTCx7#2] Louis Larouche: healed themself
[6:27:45 p.m.] [YTCx7#2] Louis Larouche: healed themself
[6:27:45 p.m.] [YTCx7#2] Louis Larouche: healed themself
[6:27:46 p.m.] [YTCx7#2] Louis Larouche: disconnected (Exiting)
[6:28:01 p.m.] txAdmin: Logger started
[6:28:36 p.m.] [Qqyw8#1] Louis Larouche: joined with identifiers [license:fbaa544f1d1d9825b63186ccd674f8140c6d6c8d; xbl:2535473078693803; live:1688853927702611; discord:334921259894833162; fivem:451281; license2:4876bae196edba78a670d3c838745846ce740439]
[6:28:59 p.m.] [Qqyw8#1] Louis Larouche: died from suicide (Falling)
[6:29:08 p.m.] [Qqyw8#1] Louis Larouche: healed themself
[6:29:29 p.m.] [Qqyw8#1] Louis Larouche: said "/estart qbx_core"
[6:33:19 p.m.] [Qqyw8#1] Louis Larouche: disconnected (Exiting)
[6:33:38 p.m.] txAdmin: Logger started
[6:33:45 p.m.] [f6KTR#1] Louis Larouche: joined with identifiers [license:fbaa544f1d1d9825b63186ccd674f8140c6d6c8d; xbl:2535473078693803; live:1688853927702611; discord:334921259894833162; fivem:451281; license2:4876bae196edba78a670d3c838745846ce740439]
[6:34:29 p.m.] [f6KTR#1] Louis Larouche: said "/heal me"
[6:36:33 p.m.] [f6KTR#1] Louis Larouche: died from suicide (Falling)
[6:37:15 p.m.] [f6KTR#1] Louis Larouche: died from suicide (Falling)
[6:41:47 p.m.] [f6KTR#1] Louis Larouche: healed themself
[6:42:34 p.m.] [f6KTR#1] Louis Larouche: disconnected (Exiting)
[6:50:03 p.m.] txAdmin: Logger started
[6:50:14 p.m.] [dtMhp#1] Louis Larouche: joined with identifiers [license:fbaa544f1d1d9825b63186ccd674f8140c6d6c8d; xbl:2535473078693803; live:1688853927702611; discord:334921259894833162; fivem:451281; license2:4876bae196edba78a670d3c838745846ce740439]
[6:52:31 p.m.] [dtMhp#1] Louis Larouche: healed themself
[6:52:33 p.m.] [dtMhp#1] Louis Larouche: healed all players!
[6:52:43 p.m.] [dtMhp#1] Louis Larouche: disconnected (Exiting)
[6:53:11 p.m.] txAdmin: Logger started
[6:53:42 p.m.] [ykeTm#1] Louis Larouche: joined with identifiers [license:fbaa544f1d1d9825b63186ccd674f8140c6d6c8d; xbl:2535473078693803; live:1688853927702611; discord:334921259894833162; fivem:451281; license2:4876bae196edba78a670d3c838745846ce740439]
[6:55:17 p.m.] [ykeTm#1] Louis Larouche: disconnected (Exiting)

================================================================
======== txAdmin Starting - 2024-03-24, 10:01:51 p.m.           
================================================================
[10:02:32 p.m.] txAdmin: Logger started
[10:02:48 p.m.] [BzMyw#1] Louis Larouche: joined with identifiers [license:fbaa544f1d1d9825b63186ccd674f8140c6d6c8d; xbl:2535473078693803; live:1688853927702611; discord:334921259894833162; fivem:451281; license2:4876bae196edba78a670d3c838745846ce740439]
[10:03:22 p.m.] [BzMyw#1] Louis Larouche: said "/pedmneu"
[10:28:55 p.m.] [BzMyw#1] Louis Larouche: disconnected (Exiting)
