
================================================================
======== txAdmin Starting - 2024-03-22, 5:06:17 p.m.            
================================================================

================================================================
======== Log Rotated - 2024-03-22, 5:06:17 p.m.                 
================================================================
[5:07:11 p.m.] txAdmin: Logger started
[5:07:14 p.m.] [McpW3#1] Louis Larouche: joined with identifiers [license:fbaa544f1d1d9825b63186ccd674f8140c6d6c8d; xbl:2535473078693803; live:1688853927702611; fivem:451281; license2:4876bae196edba78a670d3c838745846ce740439]
[5:08:22 p.m.] [McpW3#1] Louis Larouche: disconnected (Exiting)
[5:14:16 p.m.] txAdmin: Logger started
[5:15:24 p.m.] [Fdy6n#1] Louis Larouche: joined with identifiers [license:fbaa544f1d1d9825b63186ccd674f8140c6d6c8d; xbl:2535473078693803; live:1688853927702611; discord:334921259894833162; fivem:451281; license2:4876bae196edba78a670d3c838745846ce740439]
[5:17:02 p.m.] [Fdy6n#1] Louis Larouche: disconnected (Exiting)
[5:17:48 p.m.] txAdmin: Logger started
[5:19:14 p.m.] [PnjPr#1] Louis Larouche: joined with identifiers [license:fbaa544f1d1d9825b63186ccd674f8140c6d6c8d; xbl:2535473078693803; live:1688853927702611; discord:334921259894833162; fivem:451281; license2:4876bae196edba78a670d3c838745846ce740439]
[5:19:46 p.m.] [PnjPr#1] Louis Larouche: enabled noclip
[5:19:46 p.m.] [PnjPr#1] Louis Larouche: became mortal (standard mode)
[5:19:53 p.m.] [PnjPr#1] Louis Larouche: enabled noclip
[5:19:56 p.m.] [PnjPr#1] Louis Larouche: became mortal (standard mode)
[5:21:03 p.m.] [PnjPr#1] Louis Larouche: disconnected (Exiting)
[5:21:16 p.m.] txAdmin: Logger started
[5:21:48 p.m.] [XBfTV#1] Louis Larouche: joined with identifiers [license:fbaa544f1d1d9825b63186ccd674f8140c6d6c8d; xbl:2535473078693803; live:1688853927702611; discord:334921259894833162; fivem:451281; license2:4876bae196edba78a670d3c838745846ce740439]
[5:23:33 p.m.] [XBfTV#1] Louis Larouche: enabled noclip
[5:23:36 p.m.] [XBfTV#1] Louis Larouche: became mortal (standard mode)
[5:23:55 p.m.] [XBfTV#1] Louis Larouche: enabled noclip
[5:23:56 p.m.] [XBfTV#1] Louis Larouche: became mortal (standard mode)
[5:24:06 p.m.] [XBfTV#1] Louis Larouche: enabled noclip
[5:24:09 p.m.] [XBfTV#1] Louis Larouche: became mortal (standard mode)
