
================================================================
======== txAdmin Starting - 2024-03-19, 3:41:48 p.m.            
================================================================
[3:52:12 p.m.] txAdmin: Logger started
[3:53:31 p.m.] [fyM4A#1] Louis Larouche: joined with identifiers [license:fbaa544f1d1d9825b63186ccd674f8140c6d6c8d; xbl:2535473078693803; live:1688853927702611; discord:334921259894833162; fivem:451281; license2:4876bae196edba78a670d3c838745846ce740439]
[3:57:49 p.m.] [fyM4A#1] Louis Larouche: enabled noclip
[3:57:51 p.m.] [fyM4A#1] Louis Larouche: became mortal (standard mode)
[3:58:49 p.m.] [fyM4A#1] Louis Larouche: disconnected (Exiting)
[4:00:09 p.m.] txAdmin: Logger started
[4:04:19 p.m.] txAdmin: Logger started
[4:09:26 p.m.] txAdmin: Logger started
[4:58:31 p.m.] txAdmin: Logger started
[6:14:31 p.m.] [3aQFf#1] Louis Larouche: joined with identifiers [license:fbaa544f1d1d9825b63186ccd674f8140c6d6c8d; xbl:2535473078693803; live:1688853927702611; discord:334921259894833162; fivem:451281; license2:4876bae196edba78a670d3c838745846ce740439]
[6:28:35 p.m.] [3aQFf#1] Louis Larouche: said "/group"
[6:29:32 p.m.] [3aQFf#1] Louis Larouche: disconnected (Exiting)
[6:29:49 p.m.] txAdmin: Logger started
[6:29:56 p.m.] [3FqnD#1] Louis Larouche: joined with identifiers [license:fbaa544f1d1d9825b63186ccd674f8140c6d6c8d; xbl:2535473078693803; live:1688853927702611; discord:334921259894833162; fivem:451281; license2:4876bae196edba78a670d3c838745846ce740439]
[6:31:09 p.m.] [3FqnD#1] Louis Larouche: disconnected (Raison: test, jusqu'à Tue Mar 19 19:31:09 2024)
[6:31:47 p.m.] [3FqnD#2] Louis Larouche: joined with identifiers [license:fbaa544f1d1d9825b63186ccd674f8140c6d6c8d; xbl:2535473078693803; live:1688853927702611; discord:334921259894833162; fivem:451281; license2:4876bae196edba78a670d3c838745846ce740439]
[6:37:21 p.m.] [3FqnD#2] Louis Larouche: disconnected (Server shutting down: SIGHUP received)

================================================================
======== txAdmin Starting - 2024-03-19, 7:09:53 p.m.            
================================================================
[7:10:35 p.m.] txAdmin: Logger started
[7:10:42 p.m.] [9YNNf#1] Louis Larouche: joined with identifiers [license:fbaa544f1d1d9825b63186ccd674f8140c6d6c8d; xbl:2535473078693803; live:1688853927702611; discord:334921259894833162; fivem:451281; license2:4876bae196edba78a670d3c838745846ce740439]
[7:14:17 p.m.] [9YNNf#1] Louis Larouche: disconnected (Exiting)
[7:14:30 p.m.] txAdmin: Logger started
[7:15:03 p.m.] [HmiVD#1] Louis Larouche: joined with identifiers [license:fbaa544f1d1d9825b63186ccd674f8140c6d6c8d; xbl:2535473078693803; live:1688853927702611; discord:334921259894833162; fivem:451281; license2:4876bae196edba78a670d3c838745846ce740439]
[7:21:39 p.m.] [HmiVD#1] Louis Larouche: disconnected (Exiting)
[7:21:57 p.m.] txAdmin: Logger started
[7:22:13 p.m.] [LeDLE#1] Louis Larouche: joined with identifiers [license:fbaa544f1d1d9825b63186ccd674f8140c6d6c8d; xbl:2535473078693803; live:1688853927702611; discord:334921259894833162; fivem:451281; license2:4876bae196edba78a670d3c838745846ce740439]
[7:22:52 p.m.] [LeDLE#1] Louis Larouche: disconnected (Exiting)
[7:23:08 p.m.] txAdmin: Logger started
[7:23:29 p.m.] [X9aWN#1] Louis Larouche: joined with identifiers [license:fbaa544f1d1d9825b63186ccd674f8140c6d6c8d; xbl:2535473078693803; live:1688853927702611; discord:334921259894833162; fivem:451281; license2:4876bae196edba78a670d3c838745846ce740439]
[7:29:07 p.m.] [X9aWN#1] Louis Larouche: disconnected (Exiting)
[7:29:21 p.m.] txAdmin: Logger started
[7:32:00 p.m.] [Nk6GJ#1] Louis Larouche: joined with identifiers [license:fbaa544f1d1d9825b63186ccd674f8140c6d6c8d; xbl:2535473078693803; live:1688853927702611; discord:334921259894833162; fivem:451281; license2:4876bae196edba78a670d3c838745846ce740439]
[7:46:25 p.m.] [Nk6GJ#1] Louis Larouche: disconnected (Exiting)
